# JRE version: Java(TM) SE Runtime Environment (8.0_60-b27) (build 1.8.0_60-b27)
# Java VM: Java HotSpot(TM) 64-Bit Server VM (25.60-b23 mixed mode bsd-amd64 compressed oops)
Heap:
 PSYoungGen      total 343040K, used 295447K [0x00000007aab00000, 0x00000007c0000000, 0x00000007c0000000)
  eden space 336896K, 87% used [0x00000007aab00000,0x00000007bcb85d70,0x00000007bf400000)
  from space 6144K, 0% used [0x00000007bfa00000,0x00000007bfa00000,0x00000007c0000000)
  to   space 6144K, 18% used [0x00000007bf400000,0x00000007bf518040,0x00000007bfa00000)
 ParOldGen       total 699392K, used 21835K [0x0000000780000000, 0x00000007aab00000, 0x00000007aab00000)
  object space 699392K, 3% used [0x0000000780000000,0x0000000781552e88,0x00000007aab00000)
 Metaspace       used 88622K, capacity 89289K, committed 93656K, reserved 1128448K
  class space    used 14385K, capacity 14633K, committed 15360K, reserved 1048576K
GC Heap History (10 events):
Event: 5672.247 GC heap after
Heap after GC invocations=158 (full 76):
 PSYoungGen      total 343040K, used 0K [0x00000007aab00000, 0x00000007c0000000, 0x00000007c0000000)
  eden space 336896K, 0% used [0x00000007aab00000,0x00000007aab00000,0x00000007bf400000)
  from space 6144K, 0% used [0x00000007bfa00000,0x00000007bfa00000,0x00000007c0000000)
  to   space 6144K, 0% used [0x00000007bf400000,0x00000007bf400000,0x00000007bfa00000)
 ParOldGen       total 699392K, used 21770K [0x0000000780000000, 0x00000007aab00000, 0x00000007aab00000)
  object space 699392K, 3% used [0x0000000780000000,0x0000000781542bc0,0x00000007aab00000)
 Metaspace       used 82200K, capacity 82673K, committed 93656K, reserved 1128448K
  class space    used 13397K, capacity 13541K, committed 15360K, reserved 1048576K
}
Event: 5736.650 GC heap before
{Heap before GC invocations=159 (full 76):
 PSYoungGen      total 343040K, used 106828K [0x00000007aab00000, 0x00000007c0000000, 0x00000007c0000000)
  eden space 336896K, 31% used [0x00000007aab00000,0x00000007b13530f0,0x00000007bf400000)
  from space 6144K, 0% used [0x00000007bfa00000,0x00000007bfa00000,0x00000007c0000000)
  to   space 6144K, 0% used [0x00000007bf400000,0x00000007bf400000,0x00000007bfa00000)
 ParOldGen       total 699392K, used 21770K [0x0000000780000000, 0x00000007aab00000, 0x00000007aab00000)
  object space 699392K, 3% used [0x0000000780000000,0x0000000781542bc0,0x00000007aab00000)
 Metaspace       used 86521K, capacity 87161K, committed 93656K, reserved 1128448K
  class space    used 14002K, capacity 14205K, committed 15360K, reserved 1048576K
Event: 5736.653 GC heap after
Heap after GC invocations=159 (full 76):
 PSYoungGen      total 343040K, used 2553K [0x00000007aab00000, 0x00000007c0000000, 0x00000007c0000000)
  eden space 336896K, 0% used [0x00000007aab00000,0x00000007aab00000,0x00000007bf400000)
  from space 6144K, 41% used [0x00000007bf400000,0x00000007bf67e768,0x00000007bfa00000)
  to   space 6144K, 0% used [0x00000007bfa00000,0x00000007bfa00000,0x00000007c0000000)
 ParOldGen       total 699392K, used 21778K [0x0000000780000000, 0x00000007aab00000, 0x00000007aab00000)
  object space 699392K, 3% used [0x0000000780000000,0x0000000781544bc0,0x00000007aab00000)
 Metaspace       used 86521K, capacity 87161K, committed 93656K, reserved 1128448K
  class space    used 14002K, capacity 14205K, committed 15360K, reserved 1048576K
}
Event: 5736.653 GC heap before
{Heap before GC invocations=160 (full 77):
 PSYoungGen      total 343040K, used 2553K [0x00000007aab00000, 0x00000007c0000000, 0x00000007c0000000)
  eden space 336896K, 0% used [0x00000007aab00000,0x00000007aab00000,0x00000007bf400000)
  from space 6144K, 41% used [0x00000007bf400000,0x00000007bf67e768,0x00000007bfa00000)
  to   space 6144K, 0% used [0x00000007bfa00000,0x00000007bfa00000,0x00000007c0000000)
 ParOldGen       total 699392K, used 21778K [0x0000000780000000, 0x00000007aab00000, 0x00000007aab00000)
  object space 699392K, 3% used [0x0000000780000000,0x0000000781544bc0,0x00000007aab00000)
 Metaspace       used 86521K, capacity 87161K, committed 93656K, reserved 1128448K
  class space    used 14002K, capacity 14205K, committed 15360K, reserved 1048576K
Event: 5736.781 GC heap after
Heap after GC invocations=160 (full 77):
 PSYoungGen      total 343040K, used 0K [0x00000007aab00000, 0x00000007c0000000, 0x00000007c0000000)
  eden space 336896K, 0% used [0x00000007aab00000,0x00000007aab00000,0x00000007bf400000)
  from space 6144K, 0% used [0x00000007bf400000,0x00000007bf400000,0x00000007bfa00000)
  to   space 6144K, 0% used [0x00000007bfa00000,0x00000007bfa00000,0x00000007c0000000)
 ParOldGen       total 699392K, used 23537K [0x0000000780000000, 0x00000007aab00000, 0x00000007aab00000)
  object space 699392K, 3% used [0x0000000780000000,0x00000007816fc548,0x00000007aab00000)
 Metaspace       used 82216K, capacity 82673K, committed 93656K, reserved 1128448K
  class space    used 13397K, capacity 13541K, committed 15360K, reserved 1048576K
}
Event: 5736.783 GC heap before
{Heap before GC invocations=161 (full 77):
 PSYoungGen      total 343040K, used 4892K [0x00000007aab00000, 0x00000007c0000000, 0x00000007c0000000)
  eden space 336896K, 1% used [0x00000007aab00000,0x00000007aafc7230,0x00000007bf400000)
  from space 6144K, 0% used [0x00000007bf400000,0x00000007bf400000,0x00000007bfa00000)
  to   space 6144K, 0% used [0x00000007bfa00000,0x00000007bfa00000,0x00000007c0000000)
 ParOldGen       total 699392K, used 23537K [0x0000000780000000, 0x00000007aab00000, 0x00000007aab00000)
  object space 699392K, 3% used [0x0000000780000000,0x00000007816fc548,0x00000007aab00000)
 Metaspace       used 82216K, capacity 82673K, committed 93656K, reserved 1128448K
  class space    used 13397K, capacity 13541K, committed 15360K, reserved 1048576K
Event: 5736.784 GC heap after
Heap after GC invocations=161 (full 77):
 PSYoungGen      total 343040K, used 0K [0x00000007aab00000, 0x00000007c0000000, 0x00000007c0000000)
  eden space 336896K, 0% used [0x00000007aab00000,0x00000007aab00000,0x00000007bf400000)
  from space 6144K, 0% used [0x00000007bfa00000,0x00000007bfa00000,0x00000007c0000000)
  to   space 6144K, 0% used [0x00000007bf400000,0x00000007bf400000,0x00000007bfa00000)
 ParOldGen       total 699392K, used 23537K [0x0000000780000000, 0x00000007aab00000, 0x00000007aab00000)
  object space 699392K, 3% used [0x0000000780000000,0x00000007816fc548,0x00000007aab00000)
 Metaspace       used 82216K, capacity 82673K, committed 93656K, reserved 1128448K
  class space    used 13397K, capacity 13541K, committed 15360K, reserved 1048576K
}
Event: 5736.784 GC heap before
{Heap before GC invocations=162 (full 78):
 PSYoungGen      total 343040K, used 0K [0x00000007aab00000, 0x00000007c0000000, 0x00000007c0000000)
  eden space 336896K, 0% used [0x00000007aab00000,0x00000007aab00000,0x00000007bf400000)
  from space 6144K, 0% used [0x00000007bfa00000,0x00000007bfa00000,0x00000007c0000000)
  to   space 6144K, 0% used [0x00000007bf400000,0x00000007bf400000,0x00000007bfa00000)
 ParOldGen       total 699392K, used 23537K [0x0000000780000000, 0x00000007aab00000, 0x00000007aab00000)
  object space 699392K, 3% used [0x0000000780000000,0x00000007816fc548,0x00000007aab00000)
 Metaspace       used 82216K, capacity 82673K, committed 93656K, reserved 1128448K
  class space    used 13397K, capacity 13541K, committed 15360K, reserved 1048576K
Event: 5736.873 GC heap after
Heap after GC invocations=162 (full 78):
 PSYoungGen      total 343040K, used 0K [0x00000007aab00000, 0x00000007c0000000, 0x00000007c0000000)
  eden space 336896K, 0% used [0x00000007aab00000,0x00000007aab00000,0x00000007bf400000)
  from space 6144K, 0% used [0x00000007bfa00000,0x00000007bfa00000,0x00000007c0000000)
  to   space 6144K, 0% used [0x00000007bf400000,0x00000007bf400000,0x00000007bfa00000)
 ParOldGen       total 699392K, used 21827K [0x0000000780000000, 0x00000007aab00000, 0x00000007aab00000)
  object space 699392K, 3% used [0x0000000780000000,0x0000000781550e88,0x00000007aab00000)
 Metaspace       used 82216K, capacity 82673K, committed 93656K, reserved 1128448K
  class space    used 13397K, capacity 13541K, committed 15360K, reserved 1048576K
}
Event: 6068.610 GC heap before
{Heap before GC invocations=163 (full 78):
 PSYoungGen      total 343040K, used 295447K [0x00000007aab00000, 0x00000007c0000000, 0x00000007c0000000)
  eden space 336896K, 87% used [0x00000007aab00000,0x00000007bcb85d70,0x00000007bf400000)
  from space 6144K, 0% used [0x00000007bfa00000,0x00000007bfa00000,0x00000007c0000000)
  to   space 6144K, 0% used [0x00000007bf400000,0x00000007bf400000,0x00000007bfa00000)
 ParOldGen       total 699392K, used 21827K [0x0000000780000000, 0x00000007aab00000, 0x00000007aab00000)
  object space 699392K, 3% used [0x0000000780000000,0x0000000781550e88,0x00000007aab00000)
 Metaspace       used 88622K, capacity 89289K, committed 93656K, reserved 1128448K
  class space    used 14385K, capacity 14633K, committed 15360K, reserved 1048576K

